<?xml version="1.0" encoding="UTF-8"?><testrun name="DameroTest" project="Prueba" tests="13" started="13" failures="1" errors="0" ignored="0">
  <testsuite name="org.eda2.DameroTest" time="0.038" displayname="DameroTest" uniqueid="[engine:junit-jupiter]/[class:org.eda2.DameroTest]">
    <testcase name="TestConsumoExcesivoLineasDistribucion" classname="org.eda2.DameroTest" time="0.0" displayname="TestConsumoExcesivoLineasDistribucion()" uniqueid="[engine:junit-jupiter]/[class:org.eda2.DameroTest]/[method:TestConsumoExcesivoLineasDistribucion()]"/>
    <testcase name="TestSoloHayContadoresMoradosEnUltimaFila" classname="org.eda2.DameroTest" time="0.0" displayname="TestSoloHayContadoresMoradosEnUltimaFila()" uniqueid="[engine:junit-jupiter]/[class:org.eda2.DameroTest]/[method:TestSoloHayContadoresMoradosEnUltimaFila()]"/>
    <testcase name="TestContadorVerdeSumaIzquierdaYDerechaSituacionPar" classname="org.eda2.DameroTest" time="0.0" displayname="TestContadorVerdeSumaIzquierdaYDerechaSituacionPar()" uniqueid="[engine:junit-jupiter]/[class:org.eda2.DameroTest]/[method:TestContadorVerdeSumaIzquierdaYDerechaSituacionPar()]">
      <failure>java.lang.AssertionError
	at org.junit.Assert.fail(Assert.java:86)
	at org.junit.Assert.assertTrue(Assert.java:41)
	at org.junit.Assert.assertTrue(Assert.java:52)
	at org.eda2.DameroTest.TestContadorVerdeSumaIzquierdaYDerechaSituacionPar(DameroTest.java:129)
	at java.base/jdk.internal.reflect.NativeMethodAccessorImpl.invoke0(Native Method)
	at java.base/jdk.internal.reflect.NativeMethodAccessorImpl.invoke(NativeMethodAccessorImpl.java:62)
	at java.base/jdk.internal.reflect.DelegatingMethodAccessorImpl.invoke(DelegatingMethodAccessorImpl.java:43)
	at java.base/java.lang.reflect.Method.invoke(Method.java:566)
	at org.junit.platform.commons.util.ReflectionUtils.invokeMethod(ReflectionUtils.java:436)
	at org.junit.jupiter.engine.execution.ExecutableInvoker.invoke(ExecutableInvoker.java:115)
	at org.junit.jupiter.engine.descriptor.TestMethodTestDescriptor.lambda$invokeTestMethod$6(TestMethodTestDescriptor.java:170)
	at org.junit.jupiter.engine.execution.ThrowableCollector.execute(ThrowableCollector.java:40)
	at org.junit.jupiter.engine.descriptor.TestMethodTestDescriptor.invokeTestMethod(TestMethodTestDescriptor.java:166)
	at org.junit.jupiter.engine.descriptor.TestMethodTestDescriptor.execute(TestMethodTestDescriptor.java:113)
	at org.junit.jupiter.engine.descriptor.TestMethodTestDescriptor.execute(TestMethodTestDescriptor.java:58)
	at org.junit.platform.engine.support.hierarchical.HierarchicalTestExecutor$NodeExecutor.lambda$executeRecursively$3(HierarchicalTestExecutor.java:112)
	at org.junit.platform.engine.support.hierarchical.SingleTestExecutor.executeSafely(SingleTestExecutor.java:66)
	at org.junit.platform.engine.support.hierarchical.HierarchicalTestExecutor$NodeExecutor.executeRecursively(HierarchicalTestExecutor.java:108)
	at org.junit.platform.engine.support.hierarchical.HierarchicalTestExecutor$NodeExecutor.execute(HierarchicalTestExecutor.java:79)
	at org.junit.platform.engine.support.hierarchical.HierarchicalTestExecutor$NodeExecutor.lambda$executeRecursively$2(HierarchicalTestExecutor.java:120)
	at java.base/java.util.stream.ForEachOps$ForEachOp$OfRef.accept(ForEachOps.java:183)
	at java.base/java.util.stream.ReferencePipeline$2$1.accept(ReferencePipeline.java:177)
	at java.base/java.util.Iterator.forEachRemaining(Iterator.java:133)
	at java.base/java.util.Spliterators$IteratorSpliterator.forEachRemaining(Spliterators.java:1801)
	at java.base/java.util.stream.AbstractPipeline.copyInto(AbstractPipeline.java:484)
	at java.base/java.util.stream.AbstractPipeline.wrapAndCopyInto(AbstractPipeline.java:474)
	at java.base/java.util.stream.ForEachOps$ForEachOp.evaluateSequential(ForEachOps.java:150)
	at java.base/java.util.stream.ForEachOps$ForEachOp$OfRef.evaluateSequential(ForEachOps.java:173)
	at java.base/java.util.stream.AbstractPipeline.evaluate(AbstractPipeline.java:234)
	at java.base/java.util.stream.ReferencePipeline.forEach(ReferencePipeline.java:497)
	at org.junit.platform.engine.support.hierarchical.HierarchicalTestExecutor$NodeExecutor.lambda$executeRecursively$3(HierarchicalTestExecutor.java:120)
	at org.junit.platform.engine.support.hierarchical.SingleTestExecutor.executeSafely(SingleTestExecutor.java:66)
	at org.junit.platform.engine.support.hierarchical.HierarchicalTestExecutor$NodeExecutor.executeRecursively(HierarchicalTestExecutor.java:108)
	at org.junit.platform.engine.support.hierarchical.HierarchicalTestExecutor$NodeExecutor.execute(HierarchicalTestExecutor.java:79)
	at org.junit.platform.engine.support.hierarchical.HierarchicalTestExecutor$NodeExecutor.lambda$executeRecursively$2(HierarchicalTestExecutor.java:120)
	at java.base/java.util.stream.ForEachOps$ForEachOp$OfRef.accept(ForEachOps.java:183)
	at java.base/java.util.stream.ReferencePipeline$2$1.accept(ReferencePipeline.java:177)
	at java.base/java.util.Iterator.forEachRemaining(Iterator.java:133)
	at java.base/java.util.Spliterators$IteratorSpliterator.forEachRemaining(Spliterators.java:1801)
	at java.base/java.util.stream.AbstractPipeline.copyInto(AbstractPipeline.java:484)
	at java.base/java.util.stream.AbstractPipeline.wrapAndCopyInto(AbstractPipeline.java:474)
	at java.base/java.util.stream.ForEachOps$ForEachOp.evaluateSequential(ForEachOps.java:150)
	at java.base/java.util.stream.ForEachOps$ForEachOp$OfRef.evaluateSequential(ForEachOps.java:173)
	at java.base/java.util.stream.AbstractPipeline.evaluate(AbstractPipeline.java:234)
	at java.base/java.util.stream.ReferencePipeline.forEach(ReferencePipeline.java:497)
	at org.junit.platform.engine.support.hierarchical.HierarchicalTestExecutor$NodeExecutor.lambda$executeRecursively$3(HierarchicalTestExecutor.java:120)
	at org.junit.platform.engine.support.hierarchical.SingleTestExecutor.executeSafely(SingleTestExecutor.java:66)
	at org.junit.platform.engine.support.hierarchical.HierarchicalTestExecutor$NodeExecutor.executeRecursively(HierarchicalTestExecutor.java:108)
	at org.junit.platform.engine.support.hierarchical.HierarchicalTestExecutor$NodeExecutor.execute(HierarchicalTestExecutor.java:79)
	at org.junit.platform.engine.support.hierarchical.HierarchicalTestExecutor.execute(HierarchicalTestExecutor.java:55)
	at org.junit.platform.engine.support.hierarchical.HierarchicalTestEngine.execute(HierarchicalTestEngine.java:43)
	at org.junit.platform.launcher.core.DefaultLauncher.execute(DefaultLauncher.java:170)
	at org.junit.platform.launcher.core.DefaultLauncher.execute(DefaultLauncher.java:154)
	at org.junit.platform.launcher.core.DefaultLauncher.execute(DefaultLauncher.java:90)
	at org.eclipse.jdt.internal.junit5.runner.JUnit5TestReference.run(JUnit5TestReference.java:86)
	at org.eclipse.jdt.internal.junit.runner.TestExecution.run(TestExecution.java:38)
	at org.eclipse.jdt.internal.junit.runner.RemoteTestRunner.runTests(RemoteTestRunner.java:538)
	at org.eclipse.jdt.internal.junit.runner.RemoteTestRunner.runTests(RemoteTestRunner.java:760)
	at org.eclipse.jdt.internal.junit.runner.RemoteTestRunner.run(RemoteTestRunner.java:460)
	at org.eclipse.jdt.internal.junit.runner.RemoteTestRunner.main(RemoteTestRunner.java:206)

</failure>
    </testcase>
    <testcase name="TestCasillaGeneralImpar" classname="org.eda2.DameroTest" time="0.0" displayname="TestCasillaGeneralImpar()" uniqueid="[engine:junit-jupiter]/[class:org.eda2.DameroTest]/[method:TestCasillaGeneralImpar()]"/>
    <testcase name="TestInicializarContadores" classname="org.eda2.DameroTest" time="0.001" displayname="TestInicializarContadores()" uniqueid="[engine:junit-jupiter]/[class:org.eda2.DameroTest]/[method:TestInicializarContadores()]"/>
    <testcase name="TestNoHayContadoresVerdesEnLaUltimaFila" classname="org.eda2.DameroTest" time="0.006" displayname="TestNoHayContadoresVerdesEnLaUltimaFila()" uniqueid="[engine:junit-jupiter]/[class:org.eda2.DameroTest]/[method:TestNoHayContadoresVerdesEnLaUltimaFila()]"/>
    <testcase name="TestConsumoExcesivoTroncal" classname="org.eda2.DameroTest" time="0.004" displayname="TestConsumoExcesivoTroncal()" uniqueid="[engine:junit-jupiter]/[class:org.eda2.DameroTest]/[method:TestConsumoExcesivoTroncal()]"/>
    <testcase name="TestIntervaloPresionCasillaGeneral" classname="org.eda2.DameroTest" time="0.002" displayname="TestIntervaloPresionCasillaGeneral()" uniqueid="[engine:junit-jupiter]/[class:org.eda2.DameroTest]/[method:TestIntervaloPresionCasillaGeneral()]"/>
    <testcase name="TestDatosFueraDeRango" classname="org.eda2.DameroTest" time="0.002" displayname="TestDatosFueraDeRango()" uniqueid="[engine:junit-jupiter]/[class:org.eda2.DameroTest]/[method:TestDatosFueraDeRango()]"/>
    <testcase name="TestInicializarContadoresDameroPar" classname="org.eda2.DameroTest" time="0.002" displayname="TestInicializarContadoresDameroPar()" uniqueid="[engine:junit-jupiter]/[class:org.eda2.DameroTest]/[method:TestInicializarContadoresDameroPar()]"/>
    <testcase name="TestInicializarContadoresDameroImpar" classname="org.eda2.DameroTest" time="0.003" displayname="TestInicializarContadoresDameroImpar()" uniqueid="[engine:junit-jupiter]/[class:org.eda2.DameroTest]/[method:TestInicializarContadoresDameroImpar()]"/>
    <testcase name="TestTiemposConsumoExcesivo" classname="org.eda2.DameroTest" time="0.007" displayname="TestTiemposConsumoExcesivo()" uniqueid="[engine:junit-jupiter]/[class:org.eda2.DameroTest]/[method:TestTiemposConsumoExcesivo()]"/>
    <testcase name="TestCasillaGeneralPar" classname="org.eda2.DameroTest" time="0.009" displayname="TestCasillaGeneralPar()" uniqueid="[engine:junit-jupiter]/[class:org.eda2.DameroTest]/[method:TestCasillaGeneralPar()]"/>
  </testsuite>
</testrun>
