<?xml version="1.0" encoding="UTF-8"?><testrun name="DameroTest (1)" project="Prueba" tests="17" started="17" failures="1" errors="0" ignored="0">
  <testsuite name="org.eda2.DameroTest" time="0.121" uniqueid="[engine:junit-vintage]/[runner:org.eda2.DameroTest]">
    <testcase name="TestDecrementoDePresionLineasDistribucion" classname="org.eda2.DameroTest" time="0.004" displayname="TestDecrementoDePresionLineasDistribucion" uniqueid="[engine:junit-vintage]/[runner:org.eda2.DameroTest]/[test:TestDecrementoDePresionLineasDistribucion(org.eda2.DameroTest)]"/>
    <testcase name="TestConsumoExcesivoLineasDistribucion" classname="org.eda2.DameroTest" time="0.003" displayname="TestConsumoExcesivoLineasDistribucion" uniqueid="[engine:junit-vintage]/[runner:org.eda2.DameroTest]/[test:TestConsumoExcesivoLineasDistribucion(org.eda2.DameroTest)]"/>
    <testcase name="TestPerdidaPresionLineasDistribucion" classname="org.eda2.DameroTest" time="0.002" displayname="TestPerdidaPresionLineasDistribucion" uniqueid="[engine:junit-vintage]/[runner:org.eda2.DameroTest]/[test:TestPerdidaPresionLineasDistribucion(org.eda2.DameroTest)]"/>
    <testcase name="TestSoloHayContadoresMoradosEnUltimaFila" classname="org.eda2.DameroTest" time="0.003" displayname="TestSoloHayContadoresMoradosEnUltimaFila" uniqueid="[engine:junit-vintage]/[runner:org.eda2.DameroTest]/[test:TestSoloHayContadoresMoradosEnUltimaFila(org.eda2.DameroTest)]"/>
    <testcase name="TestPerdidaPresionTroncal" classname="org.eda2.DameroTest" time="0.008" displayname="TestPerdidaPresionTroncal" uniqueid="[engine:junit-vintage]/[runner:org.eda2.DameroTest]/[test:TestPerdidaPresionTroncal(org.eda2.DameroTest)]">
      <failure>java.lang.AssertionError: expected:&lt;[28, 27]&gt; but was:&lt;[27, 28]&gt;
	at org.junit.Assert.fail(Assert.java:88)
	at org.junit.Assert.failNotEquals(Assert.java:834)
	at org.junit.Assert.assertEquals(Assert.java:118)
	at org.junit.Assert.assertEquals(Assert.java:144)
	at org.eda2.DameroTest.TestPerdidaPresionTroncal(DameroTest.java:294)
	at java.base/jdk.internal.reflect.NativeMethodAccessorImpl.invoke0(Native Method)
	at java.base/jdk.internal.reflect.NativeMethodAccessorImpl.invoke(NativeMethodAccessorImpl.java:62)
	at java.base/jdk.internal.reflect.DelegatingMethodAccessorImpl.invoke(DelegatingMethodAccessorImpl.java:43)
	at java.base/java.lang.reflect.Method.invoke(Method.java:566)
	at org.junit.runners.model.FrameworkMethod$1.runReflectiveCall(FrameworkMethod.java:50)
	at org.junit.internal.runners.model.ReflectiveCallable.run(ReflectiveCallable.java:12)
	at org.junit.runners.model.FrameworkMethod.invokeExplosively(FrameworkMethod.java:47)
	at org.junit.internal.runners.statements.InvokeMethod.evaluate(InvokeMethod.java:17)
	at org.junit.runners.ParentRunner.runLeaf(ParentRunner.java:325)
	at org.junit.runners.BlockJUnit4ClassRunner.runChild(BlockJUnit4ClassRunner.java:78)
	at org.junit.runners.BlockJUnit4ClassRunner.runChild(BlockJUnit4ClassRunner.java:57)
	at org.junit.runners.ParentRunner$3.run(ParentRunner.java:290)
	at org.junit.runners.ParentRunner$1.schedule(ParentRunner.java:71)
	at org.junit.runners.ParentRunner.runChildren(ParentRunner.java:288)
	at org.junit.runners.ParentRunner.access$000(ParentRunner.java:58)
	at org.junit.runners.ParentRunner$2.evaluate(ParentRunner.java:268)
	at org.junit.runners.ParentRunner.run(ParentRunner.java:363)
	at org.junit.runner.JUnitCore.run(JUnitCore.java:137)
	at org.junit.runner.JUnitCore.run(JUnitCore.java:115)
	at org.junit.vintage.engine.execution.RunnerExecutor.execute(RunnerExecutor.java:39)
	at java.base/java.util.stream.ForEachOps$ForEachOp$OfRef.accept(ForEachOps.java:183)
	at java.base/java.util.stream.ReferencePipeline$3$1.accept(ReferencePipeline.java:195)
	at java.base/java.util.Iterator.forEachRemaining(Iterator.java:133)
	at java.base/java.util.Spliterators$IteratorSpliterator.forEachRemaining(Spliterators.java:1801)
	at java.base/java.util.stream.AbstractPipeline.copyInto(AbstractPipeline.java:484)
	at java.base/java.util.stream.AbstractPipeline.wrapAndCopyInto(AbstractPipeline.java:474)
	at java.base/java.util.stream.ForEachOps$ForEachOp.evaluateSequential(ForEachOps.java:150)
	at java.base/java.util.stream.ForEachOps$ForEachOp$OfRef.evaluateSequential(ForEachOps.java:173)
	at java.base/java.util.stream.AbstractPipeline.evaluate(AbstractPipeline.java:234)
	at java.base/java.util.stream.ReferencePipeline.forEach(ReferencePipeline.java:497)
	at org.junit.vintage.engine.VintageTestEngine.executeAllChildren(VintageTestEngine.java:79)
	at org.junit.vintage.engine.VintageTestEngine.execute(VintageTestEngine.java:70)
	at org.junit.platform.launcher.core.DefaultLauncher.execute(DefaultLauncher.java:170)
	at org.junit.platform.launcher.core.DefaultLauncher.execute(DefaultLauncher.java:154)
	at org.junit.platform.launcher.core.DefaultLauncher.execute(DefaultLauncher.java:90)
	at org.eclipse.jdt.internal.junit5.runner.JUnit5TestReference.run(JUnit5TestReference.java:86)
	at org.eclipse.jdt.internal.junit.runner.TestExecution.run(TestExecution.java:38)
	at org.eclipse.jdt.internal.junit.runner.RemoteTestRunner.runTests(RemoteTestRunner.java:538)
	at org.eclipse.jdt.internal.junit.runner.RemoteTestRunner.runTests(RemoteTestRunner.java:760)
	at org.eclipse.jdt.internal.junit.runner.RemoteTestRunner.run(RemoteTestRunner.java:460)
	at org.eclipse.jdt.internal.junit.runner.RemoteTestRunner.main(RemoteTestRunner.java:206)

</failure>
    </testcase>
    <testcase name="TestContadorVerdeSumaIzquierdaYDerechaSituacionPar" classname="org.eda2.DameroTest" time="0.001" displayname="TestContadorVerdeSumaIzquierdaYDerechaSituacionPar" uniqueid="[engine:junit-vintage]/[runner:org.eda2.DameroTest]/[test:TestContadorVerdeSumaIzquierdaYDerechaSituacionPar(org.eda2.DameroTest)]"/>
    <testcase name="TestNoHayManometrosEnLaPrimeraFila" classname="org.eda2.DameroTest" time="0.0" displayname="TestNoHayManometrosEnLaPrimeraFila" uniqueid="[engine:junit-vintage]/[runner:org.eda2.DameroTest]/[test:TestNoHayManometrosEnLaPrimeraFila(org.eda2.DameroTest)]"/>
    <testcase name="TestPerdidaExcesiva" classname="org.eda2.DameroTest" time="0.002" displayname="TestPerdidaExcesiva" uniqueid="[engine:junit-vintage]/[runner:org.eda2.DameroTest]/[test:TestPerdidaExcesiva(org.eda2.DameroTest)]"/>
    <testcase name="TestInicializarContadores" classname="org.eda2.DameroTest" time="0.001" displayname="TestInicializarContadores" uniqueid="[engine:junit-vintage]/[runner:org.eda2.DameroTest]/[test:TestInicializarContadores(org.eda2.DameroTest)]"/>
    <testcase name="TestRangoCaudalCasillaGeneral" classname="org.eda2.DameroTest" time="0.0" displayname="TestRangoCaudalCasillaGeneral" uniqueid="[engine:junit-vintage]/[runner:org.eda2.DameroTest]/[test:TestRangoCaudalCasillaGeneral(org.eda2.DameroTest)]"/>
    <testcase name="TestNoHayContadoresVerdesEnLaUltimaFila" classname="org.eda2.DameroTest" time="0.001" displayname="TestNoHayContadoresVerdesEnLaUltimaFila" uniqueid="[engine:junit-vintage]/[runner:org.eda2.DameroTest]/[test:TestNoHayContadoresVerdesEnLaUltimaFila(org.eda2.DameroTest)]"/>
    <testcase name="TestConsumoExcesivoTroncal" classname="org.eda2.DameroTest" time="0.001" displayname="TestConsumoExcesivoTroncal" uniqueid="[engine:junit-vintage]/[runner:org.eda2.DameroTest]/[test:TestConsumoExcesivoTroncal(org.eda2.DameroTest)]"/>
    <testcase name="TestDecrementoDePresionLineaTroncal" classname="org.eda2.DameroTest" time="0.001" displayname="TestDecrementoDePresionLineaTroncal" uniqueid="[engine:junit-vintage]/[runner:org.eda2.DameroTest]/[test:TestDecrementoDePresionLineaTroncal(org.eda2.DameroTest)]"/>
    <testcase name="TestIntervaloPresionCasillaGeneral" classname="org.eda2.DameroTest" time="0.001" displayname="TestIntervaloPresionCasillaGeneral" uniqueid="[engine:junit-vintage]/[runner:org.eda2.DameroTest]/[test:TestIntervaloPresionCasillaGeneral(org.eda2.DameroTest)]"/>
    <testcase name="TestInicializarContadoresDameroPar" classname="org.eda2.DameroTest" time="0.001" displayname="TestInicializarContadoresDameroPar" uniqueid="[engine:junit-vintage]/[runner:org.eda2.DameroTest]/[test:TestInicializarContadoresDameroPar(org.eda2.DameroTest)]"/>
    <testcase name="TestInicializarContadoresDameroImpar" classname="org.eda2.DameroTest" time="0.001" displayname="TestInicializarContadoresDameroImpar" uniqueid="[engine:junit-vintage]/[runner:org.eda2.DameroTest]/[test:TestInicializarContadoresDameroImpar(org.eda2.DameroTest)]"/>
    <testcase name="TestTiemposConsumoExcesivo" classname="org.eda2.DameroTest" time="0.089" displayname="TestTiemposConsumoExcesivo" uniqueid="[engine:junit-vintage]/[runner:org.eda2.DameroTest]/[test:TestTiemposConsumoExcesivo(org.eda2.DameroTest)]"/>
  </testsuite>
</testrun>
